{
  "RSpec": {
    "coverage": {
      "/home/allisson/usermanager/app/models/user.rb": {
        "lines": [
          1,
          1,
          null,
          null,
          null,
          null,
          null,
          null,
          1,
          null,
          null,
          1,
          null,
          1,
          null
        ]
      },
      "/home/allisson/usermanager/app/models/application_record.rb": {
        "lines": [
          1,
          1,
          null
        ]
      },
      "/home/allisson/usermanager/app/controllers/application_controller.rb": {
        "lines": [
          0,
          0
        ],
        "branches": {
        }
      }
    },
    "timestamp": 1677911795
  }
}
